Vivado Simulator 2017.4
Copyright 1986-1999, 2001-2016 Xilinx, Inc. All Rights Reserved.
Running: E:/vivado/Vivado/2017.4/bin/unwrapped/win64.o/xelab.exe -wto 72400a392e5044c2a2be4c49dfa4507d --incr --debug typical --relax --mt 2 -L xil_defaultlib -L unisims_ver -L unimacro_ver -L secureip -L xpm --snapshot AES_TB_behav xil_defaultlib.AES_TB xil_defaultlib.glbl -log elaborate.log 
Using 2 slave threads.
Starting static elaboration
Completed static elaboration
Starting simulation data flow analysis
Completed simulation data flow analysis
Time Resolution for simulation is 1ps
Compiling package std.standard
Compiling package std.textio
Compiling package ieee.std_logic_1164
Compiling package ieee.numeric_std
Compiling module xil_defaultlib.glbl
Compiling architecture behavioral of entity xil_defaultlib.controller [controller_default]
Compiling architecture behavioral of entity xil_defaultlib.encrypt [encrypt_default]
Compiling architecture behavioral of entity xil_defaultlib.decrypt [decrypt_default]
Compiling architecture behavioral of entity xil_defaultlib.key_gen1 [key_gen1_default]
Compiling architecture behavioral of entity xil_defaultlib.key_gen2 [key_gen2_default]
Compiling architecture behavioral of entity xil_defaultlib.dh [dh_default]
Compiling architecture behavioral of entity xil_defaultlib.dh_128 [dh_128_default]
Compiling architecture behavioral of entity xil_defaultlib.datapath [datapath_default]
Compiling architecture behavioral of entity xil_defaultlib.AES_FINAL [aes_final_default]
Compiling architecture behavioral of entity xil_defaultlib.aes_tb
Built simulation snapshot AES_TB_behav
